This file contains any messages produced by compilers while
running configure, to aid debugging if configure makes a mistake.

It was created by "Motion_Strategy_Library" configure "1.2", which was
generated by GNU Autoconf 2.53.  Invocation command line was

  $ ./configure --with-pqp-libs=/home/jabobadi/code/msl/pqp-1.3/PQP_v1.3/lib --with-pqp-includes=/home/jabobadi/code/msl/pqp-1.3/PQP_v1.3/include --with-fox-includes=/usr/include/fox-1.6 --with-fox-libs=/usr/lib

## --------- ##
## Platform. ##
## --------- ##

hostname = jabobadi-1015E
uname -m = x86_64
uname -r = 3.2.0-32-generic
uname -s = Linux
uname -v = #51-Ubuntu SMP Wed Sep 26 21:33:09 UTC 2012

/usr/bin/uname -p = unknown
/bin/uname -X     = unknown

/bin/arch              = unknown
/usr/bin/arch -k       = unknown
/usr/convex/getsysinfo = unknown
hostinfo               = unknown
/bin/machine           = unknown
/usr/bin/oslevel       = unknown
/bin/universe          = unknown

PATH: /usr/lib/lightdm/lightdm
PATH: /usr/local/sbin
PATH: /usr/local/bin
PATH: /usr/sbin
PATH: /usr/bin
PATH: /sbin
PATH: /bin
PATH: /usr/games


## ----------- ##
## Core tests. ##
## ----------- ##

configure:1294: checking for g++
configure:1310: found /usr/bin/g++
configure:1320: result: g++
configure:1336: checking for C++ compiler version
configure:1339: g++ --version </dev/null >&5
g++ (Ubuntu/Linaro 4.6.3-1ubuntu5) 4.6.3
Copyright (C) 2011 Free Software Foundation, Inc.
This is free software; see the source for copying conditions.  There is NO
warranty; not even for MERCHANTABILITY or FITNESS FOR A PARTICULAR PURPOSE.

configure:1342: $? = 0
configure:1344: g++ -v </dev/null >&5
Using built-in specs.
COLLECT_GCC=g++
COLLECT_LTO_WRAPPER=/usr/lib/gcc/x86_64-linux-gnu/4.6/lto-wrapper
Target: x86_64-linux-gnu
Configured with: ../src/configure -v --with-pkgversion='Ubuntu/Linaro 4.6.3-1ubuntu5' --with-bugurl=file:///usr/share/doc/gcc-4.6/README.Bugs --enable-languages=c,c++,fortran,objc,obj-c++ --prefix=/usr --program-suffix=-4.6 --enable-shared --enable-linker-build-id --with-system-zlib --libexecdir=/usr/lib --without-included-gettext --enable-threads=posix --with-gxx-include-dir=/usr/include/c++/4.6 --libdir=/usr/lib --enable-nls --with-sysroot=/ --enable-clocale=gnu --enable-libstdcxx-debug --enable-libstdcxx-time=yes --enable-gnu-unique-object --enable-plugin --enable-objc-gc --disable-werror --with-arch-32=i686 --with-tune=generic --enable-checking=release --build=x86_64-linux-gnu --host=x86_64-linux-gnu --target=x86_64-linux-gnu
Thread model: posix
gcc version 4.6.3 (Ubuntu/Linaro 4.6.3-1ubuntu5) 
configure:1347: $? = 0
configure:1349: g++ -V </dev/null >&5
g++: error: unrecognized option '-V'
g++: fatal error: no input files
compilation terminated.
configure:1352: $? = 4
configure:1378: checking for C++ compiler default output
configure:1381: g++    conftest.cc  >&5
configure:1384: $? = 0
configure:1417: result: a.out
configure:1422: checking whether the C++ compiler works
configure:1428: ./a.out
configure:1431: $? = 0
configure:1446: result: yes
configure:1453: checking whether we are cross compiling
configure:1455: result: no
configure:1458: checking for suffix of executables
configure:1460: g++ -o conftest    conftest.cc  >&5
configure:1463: $? = 0
configure:1485: result: 
configure:1491: checking for suffix of object files
configure:1515: g++ -c   conftest.cc >&5
configure:1518: $? = 0
configure:1537: result: o
configure:1541: checking whether we are using the GNU C++ compiler
configure:1568: g++ -c   conftest.cc >&5
configure:1571: $? = 0
configure:1574: test -s conftest.o
configure:1577: $? = 0
configure:1589: result: yes
configure:1595: checking whether g++ accepts -g
configure:1619: g++ -c -g  conftest.cc >&5
configure:1622: $? = 0
configure:1625: test -s conftest.o
configure:1628: $? = 0
configure:1638: result: yes
configure:1684: g++ -c -g -O2  conftest.cc >&5
configure:1687: $? = 0
configure:1690: test -s conftest.o
configure:1693: $? = 0
configure:1721: g++ -c -g -O2  conftest.cc >&5
configure: In function 'int main()':
configure:1713:9: error: 'exit' was not declared in this scope
configure:1724: $? = 1
configure: failed program was:
#line 1702 "configure"
#include "confdefs.h"

#ifdef F77_DUMMY_MAIN
#  ifdef __cplusplus
     extern "C"
#  endif
   int F77_DUMMY_MAIN() { return 1; }
#endif
int
main ()
{
exit (42);
  ;
  return 0;
}
configure:1684: g++ -c -g -O2  conftest.cc >&5
configure:1687: $? = 0
configure:1690: test -s conftest.o
configure:1693: $? = 0
configure:1721: g++ -c -g -O2  conftest.cc >&5
configure:1724: $? = 0
configure:1727: test -s conftest.o
configure:1730: $? = 0
configure:1779: checking how to run the C++ preprocessor
configure:1801: g++ -E  conftest.cc
configure:1807: $? = 0
configure:1834: g++ -E  conftest.cc
configure:1830:28: fatal error: ac_nonexistent.h: No such file or directory
compilation terminated.
configure:1840: $? = 1
configure: failed program was:
#line 1829 "configure"
#include "confdefs.h"
#include <ac_nonexistent.h>
configure:1877: result: g++ -E
configure:1892: g++ -E  conftest.cc
configure:1898: $? = 0
configure:1925: g++ -E  conftest.cc
configure:1921:28: fatal error: ac_nonexistent.h: No such file or directory
compilation terminated.
configure:1931: $? = 1
configure: failed program was:
#line 1920 "configure"
#include "confdefs.h"
#include <ac_nonexistent.h>
configure:1971: checking for X
configure:2073: g++ -E  conftest.cc
configure:2079: $? = 0
configure:2130: g++ -o conftest -g -O2   conftest.cc -lXt  >&5
configure:2133: $? = 0
configure:2136: test -s conftest
configure:2139: $? = 0
configure:2187: result: libraries , headers 
configure:2218: checking for main in -lPQP
configure:2245: g++ -o conftest -g -O2   -L/home/jabobadi/code/msl/pqp-1.3/PQP_v1.3/lib conftest.cc -lPQP   >&5
/usr/bin/ld: skipping incompatible /home/jabobadi/code/msl/pqp-1.3/PQP_v1.3/lib/libPQP.a when searching for -lPQP
/usr/bin/ld: cannot find -lPQP
collect2: ld returned 1 exit status
configure:2248: $? = 1
configure: failed program was:
#line 2225 "configure"
#include "confdefs.h"


#ifdef F77_DUMMY_MAIN
#  ifdef __cplusplus
     extern "C"
#  endif
   int F77_DUMMY_MAIN() { return 1; }
#endif
int
main ()
{
main ();
  ;
  return 0;
}
configure:2265: result: no
configure:2282: error: Where is PQP?

## ---------------- ##
## Cache variables. ##
## ---------------- ##

ac_cv_cxx_compiler_gnu=yes
ac_cv_env_CPPFLAGS_set=
ac_cv_env_CPPFLAGS_value=
ac_cv_env_CXXCPP_set=
ac_cv_env_CXXCPP_value=
ac_cv_env_CXXFLAGS_set=
ac_cv_env_CXXFLAGS_value=
ac_cv_env_CXX_set=
ac_cv_env_CXX_value=
ac_cv_env_LDFLAGS_set=
ac_cv_env_LDFLAGS_value=
ac_cv_env_build_alias_set=
ac_cv_env_build_alias_value=
ac_cv_env_host_alias_set=
ac_cv_env_host_alias_value=
ac_cv_env_target_alias_set=
ac_cv_env_target_alias_value=
ac_cv_exeext=
ac_cv_have_x='have_x=yes 		ac_x_includes= ac_x_libraries='
ac_cv_lib_PQP=ac_cv_lib_PQP_main
ac_cv_lib_PQP_main=no
ac_cv_objext=o
ac_cv_prog_CXXCPP='g++ -E'
ac_cv_prog_ac_ct_CXX=g++
ac_cv_prog_cxx_g=yes

## ----------- ##
## confdefs.h. ##
## ----------- ##

#define PACKAGE_NAME ""Motion_Strategy_Library""
#define PACKAGE_TARNAME "-motion-strategy-library-"
#define PACKAGE_VERSION ""1.2""
#define PACKAGE_STRING ""Motion_Strategy_Library" "1.2""
#define PACKAGE_BUGREPORT ""http://msl.cs.uiuc.edu" "
#ifdef __cplusplus
#include <stdlib.h>
#endif

configure: exit 1
